Intel(R) Architecture Code Analyzer Version -  v3.0-28-g1ba2cbb build date: 2017-10-23;16:42:45
Analyzed File -  pi.s.skl.O2-iaca.o
Binary Format - 64Bit
Architecture  -  SKL
Analysis Type - Throughput

Throughput Analysis Report
--------------------------
Block Throughput: 4.00 Cycles       Throughput Bottleneck: Dependency chains
Loop Count:  24
Port Binding In Cycles Per Iteration:
--------------------------------------------------------------------------------------------------
|  Port  |   0   -  DV   |   1   |   2   -  D    |   3   -  D    |   4   |   5   |   6   |   7   |
--------------------------------------------------------------------------------------------------
| Cycles |  3.0     4.0  |  3.0  |  0.0     0.0  |  0.0     0.0  |  0.0  |  0.0  |  1.0  |  0.0  |
--------------------------------------------------------------------------------------------------

DV - Divider pipe (on port 0)
D - Data fetch pipe (on ports 2 and 3)
F - Macro Fusion with the previous instruction occurred
* - instruction micro-ops not bound to a port
^ - Micro Fusion occurred
# - ESP Tracking sync uop was issued
@ - SSE instruction followed an AVX256/AVX512 instruction, dozens of cycles penalty is expected
X - instruction not supported, was not accounted in Analysis

| Num Of   |                    Ports pressure in cycles                         |      |
|  Uops    |  0  - DV    |  1   |  2  -  D    |  3  -  D    |  4   |  5   |  6   |  7   |
-----------------------------------------------------------------------------------------
|   1*     |             |      |             |             |      |      |      |      | vxorpd xmm0, xmm0, xmm0
|   2      |             | 1.0  |             |             |      |      |      |      | vcvtsi2sd xmm0, xmm0, eax
|   1      |             |      |             |             |      |      | 1.0  |      | add eax, 0x1
|   1      | 1.0         |      |             |             |      |      |      |      | vaddsd xmm0, xmm0, xmm5
|   1      |             | 1.0  |             |             |      |      |      |      | vmulsd xmm0, xmm0, xmm3
|   1      | 1.0         |      |             |             |      |      |      |      | vfmadd132sd xmm0, xmm4, xmm0
|   1      | 1.0     4.0 |      |             |             |      |      |      |      | vdivsd xmm0, xmm2, xmm0
|   1      |             | 1.0  |             |             |      |      |      |      | vaddsd xmm1, xmm1, xmm0
|   1*     |             |      |             |             |      |      |      |      | cmp eax, 0x3b9aca00
|   0*F    |             |      |             |             |      |      |      |      | jnz 0xffffffffffffffdb
Total Num Of Uops: 10
