Everything seems fine! Let's start checking!
-----------------------------------------
| Analyzing of file:	/proj/ciptmp/ol68umur/git/pmbs2018-paper-artifact/pi/pi.s.zen.O3-iaca.s
| Architecture:		ZEN
| Timestamp:		2018-08-24 05:12:56


Throughput Analysis Report
--------------------------
P - Load operation can be hidden behind a past or future store instruction
X - No information for this instruction in data file
* - Instruction micro-ops not bound to a port


Port Binding in Cycles Per Iteration:
---------------------------------------------------------------------------
|  Port  |   0  |   1  |  2  |   3  - DV  |  4  |  5  |  6  |  7  | 8 | 9 |
---------------------------------------------------------------------------
| Cycles | 3.33 | 3.83 | 2.5 | 6.33   8.0 | 0.5 | 0.5 | 0.5 | 0.5 | 0 | 0 |
---------------------------------------------------------------------------


                           Ports Pressure in cycles                           
|  0   |  1   |  2   |  3   -  DV  |  4   |  5   |  6   |  7   |  8   |  9   |
-----------------------------------------------------------------------------
|      |      |      |             |      |      |      |      |      |      | X .L2:
|      | 0.50 | 0.50 |             |      |      |      |      |      |      | vpshufd	$238, %xmm2, %xmm1
| 0.50 | 0.50 |      | 1.00        |      |      |      |      |      |      | vcvtdq2pd	%xmm2, %xmm0
|      |      |      |             | 0.25 | 0.25 | 0.25 | 0.25 |      |      | incl	%eax
| 0.50 | 0.50 |      | 1.00        |      |      |      |      |      |      | vcvtdq2pd	%xmm1, %xmm1
| 0.33 | 0.33 |      | 0.33        |      |      |      |      |      |      | vpaddd	%xmm8, %xmm2, %xmm2
|      |      | 0.50 | 0.50        |      |      |      |      |      |      | vaddpd	%xmm7, %xmm0, %xmm0
|      |      | 0.50 | 0.50        |      |      |      |      |      |      | vaddpd	%xmm7, %xmm1, %xmm1
| 0.50 | 0.50 |      |             |      |      |      |      |      |      | vmulpd	%xmm6, %xmm0, %xmm0
| 0.50 | 0.50 |      |             |      |      |      |      |      |      | vmulpd	%xmm6, %xmm1, %xmm1
| 0.50 | 0.50 |      |             |      |      |      |      |      |      | vfmadd132pd	%xmm0, %xmm5, %xmm0
| 0.50 | 0.50 |      |             |      |      |      |      |      |      | vfmadd132pd	%xmm1, %xmm5, %xmm1
|      |      |      | 1.00   4.00 |      |      |      |      |      |      | vdivpd	%xmm0, %xmm4, %xmm0
|      |      |      | 1.00   4.00 |      |      |      |      |      |      | vdivpd	%xmm1, %xmm4, %xmm1
|      |      | 0.50 | 0.50        |      |      |      |      |      |      | vaddpd	%xmm1, %xmm0, %xmm0
|      |      | 0.50 | 0.50        |      |      |      |      |      |      | vaddpd	%xmm0, %xmm3, %xmm3
|      |      |      |             | 0.25 | 0.25 | 0.25 | 0.25 |      |      | cmpl	$250000000, %eax
|      |      |      |             |      |      |      |      |      |      | jne	.L2
Total number of estimated throughput: 8.0
