Intel(R) Architecture Code Analyzer Version -  v3.0-28-g1ba2cbb build date: 2017-10-23;16:42:45
Analyzed File -  triad.s.zen.O1-iaca.o
Binary Format - 64Bit
Architecture  -  SKL
Analysis Type - Throughput

Throughput Analysis Report
--------------------------
Block Throughput: 2.24 Cycles       Throughput Bottleneck: Dependency chains
Loop Count:  24
Port Binding In Cycles Per Iteration:
--------------------------------------------------------------------------------------------------
|  Port  |   0   -  DV   |   1   |   2   -  D    |   3   -  D    |   4   |   5   |   6   |   7   |
--------------------------------------------------------------------------------------------------
| Cycles |  1.0     0.0  |  1.0  |  2.0     2.0  |  2.0     1.0  |  1.0  |  0.5  |  0.5  |  0.0  |
--------------------------------------------------------------------------------------------------

DV - Divider pipe (on port 0)
D - Data fetch pipe (on ports 2 and 3)
F - Macro Fusion with the previous instruction occurred
* - instruction micro-ops not bound to a port
^ - Micro Fusion occurred
# - ESP Tracking sync uop was issued
@ - SSE instruction followed an AVX256/AVX512 instruction, dozens of cycles penalty is expected
X - instruction not supported, was not accounted in Analysis

| Num Of   |                    Ports pressure in cycles                         |      |
|  Uops    |  0  - DV    |  1   |  2  -  D    |  3  -  D    |  4   |  5   |  6   |  7   |
-----------------------------------------------------------------------------------------
|   1      |             |      | 1.0     1.0 |             |      |      |      |      | vmovsd xmm0, qword ptr [r12+rax*1]
|   2      | 1.0         |      |             | 1.0     1.0 |      |      |      |      | vmulsd xmm0, xmm0, qword ptr [rbp+rax*1]
|   2      |             | 1.0  | 1.0     1.0 |             |      |      |      |      | vaddsd xmm0, xmm0, qword ptr [r13+rax*1]
|   2      |             |      |             | 1.0         | 1.0  |      |      |      | vmovsd qword ptr [rbx+rax*1], xmm0
|   1      |             |      |             |             |      | 0.5  | 0.5  |      | add rax, 0x8
|   1*     |             |      |             |             |      |      |      |      | cmp r14, rax
|   0*F    |             |      |             |             |      |      |      |      | jnz 0xffffffffffffffe1
Total Num Of Uops: 9
