Intel(R) Architecture Code Analyzer Version -  v3.0-28-g1ba2cbb build date: 2017-10-23;16:42:45
Analyzed File -  triad.s.skl.O3-iaca.o
Binary Format - 64Bit
Architecture  -  SKL
Analysis Type - Throughput

Throughput Analysis Report
--------------------------
Block Throughput: 2.21 Cycles       Throughput Bottleneck: Dependency chains
Loop Count:  22
Port Binding In Cycles Per Iteration:
--------------------------------------------------------------------------------------------------
|  Port  |   0   -  DV   |   1   |   2   -  D    |   3   -  D    |   4   |   5   |   6   |   7   |
--------------------------------------------------------------------------------------------------
| Cycles |  0.7     0.0  |  0.8  |  2.0     2.0  |  2.0     1.0  |  1.0  |  0.7  |  0.7  |  0.0  |
--------------------------------------------------------------------------------------------------

DV - Divider pipe (on port 0)
D - Data fetch pipe (on ports 2 and 3)
F - Macro Fusion with the previous instruction occurred
* - instruction micro-ops not bound to a port
^ - Micro Fusion occurred
# - ESP Tracking sync uop was issued
@ - SSE instruction followed an AVX256/AVX512 instruction, dozens of cycles penalty is expected
X - instruction not supported, was not accounted in Analysis

| Num Of   |                    Ports pressure in cycles                         |      |
|  Uops    |  0  - DV    |  1   |  2  -  D    |  3  -  D    |  4   |  5   |  6   |  7   |
-----------------------------------------------------------------------------------------
|   1      |             |      | 1.0     1.0 |             |      |      |      |      | vmovapd ymm0, ymmword ptr [r15+rax*1]
|   1      |             |      |             | 1.0     1.0 |      |      |      |      | vmovapd ymm3, ymmword ptr [r12+rax*1]
|   1      |             | 0.3  |             |             |      | 0.2  | 0.5  |      | add ecx, 0x1
|   2      | 0.7         | 0.3  | 1.0     1.0 |             |      |      |      |      | vfmadd132pd ymm0, ymm3, ymmword ptr [r13+rax*1]
|   2      |             |      |             | 1.0         | 1.0  |      |      |      | vmovapd ymmword ptr [r14+rax*1], ymm0
|   1      |             | 0.3  |             |             |      | 0.5  | 0.2  |      | add rax, 0x20
|   1*     |             |      |             |             |      |      |      |      | cmp r10d, ecx
|   0*F    |             |      |             |             |      |      |      |      | jnbe 0xffffffffffffffdd
Total Num Of Uops: 9
